app/mapping.txt
# compiler: R8
# compiler_version: 8.2.33
# min_api: 26
# common_typos_disable
# {"id":"com.android.tools.r8.mapping","version":"2.2"}
# pg_map_id: 10c079b
# pg_map_hash: SHA-256 10c079beba0763bd50c91329f6109b775c03d7bbb739d8a9f9ddeb669ff007ad
com.bookparser.app.AppLogger -> p7:
# {"id":"sourceFile","fileName":"AppLogger.kt"}
    java.text.SimpleDateFormat fmt -> a
    java.util.concurrent.CopyOnWriteArrayList lines -> b
    java.util.concurrent.CopyOnWriteArrayList listeners -> c
    0:12:void <clinit>():16:16 -> <clinit>
    13:19:void <clinit>():17:17 -> <clinit>
    20:27:void <clinit>():18:18 -> <clinit>
    0:48:void append(java.lang.String,java.lang.String,java.lang.String):30:30 -> a
    49:60:void append(java.lang.String,java.lang.String,java.lang.String):31:31 -> a
    61:65:void append(java.lang.String,java.lang.String,java.lang.String):32:32 -> a
    66:81:void append(java.lang.String,java.lang.String,java.lang.String):43:43 -> a
    82:86:void append(java.lang.String,java.lang.String,java.lang.String):33:33 -> a
    2:6:void com.bookparser.app.AppLogger.e(java.lang.String,java.lang.String,java.lang.Throwable):0:0 -> b
    2:6:void e$default(com.bookparser.app.AppLogger,java.lang.String,java.lang.String,java.lang.Throwable,int,java.lang.Object):23 -> b
      # {"id":"com.android.tools.r8.residualsignature","signature":"(Ljava/lang/String;Ljava/lang/String;)V"}
    7:9:void com.bookparser.app.AppLogger.e(java.lang.String,java.lang.String,java.lang.Throwable):25:25 -> b
    7:9:void e$default(com.bookparser.app.AppLogger,java.lang.String,java.lang.String,java.lang.Throwable,int,java.lang.Object):23 -> b
com.bookparser.app.BookResultAdapter -> v9:
# {"id":"sourceFile","fileName":"BookResultAdapter.kt"}
    java.util.List results -> c
    kotlin.jvm.functions.Function1 onPublishClick -> d
      # {"id":"com.android.tools.r8.residualsignature","signature":"Lhv;"}
    kotlin.jvm.functions.Function1 onEditClick -> e
      # {"id":"com.android.tools.r8.residualsignature","signature":"Lhv;"}
    7:16:void <init>(java.util.List,kotlin.jvm.functions.Function1,kotlin.jvm.functions.Function1):15:15 -> <init>
      # {"id":"com.android.tools.r8.residualsignature","signature":"(Ljava/util/ArrayList;Lqz;)V"}
    2:6:int getItemCount():27:27 -> a
    0:3:void onBindViewHolder(androidx.recyclerview.widget.RecyclerView$ViewHolder,int):11:11 -> c
      # {"id":"com.android.tools.r8.residualsignature","signature":"(Lwe0;I)V"}
    4:11:void com.bookparser.app.BookResultAdapter.onBindViewHolder(com.bookparser.app.BookResultAdapter$BookViewHolder,int):23:23 -> c
    4:11:void onBindViewHolder(androidx.recyclerview.widget.RecyclerView$ViewHolder,int):11 -> c
    12:14:void com.bookparser.app.BookResultAdapter$BookViewHolder.bind(com.bookparser.app.processing.BookProcessingResult):0:0 -> c
    12:14:void com.bookparser.app.BookResultAdapter.onBindViewHolder(com.bookparser.app.BookResultAdapter$BookViewHolder,int):24 -> c
    12:14:void onBindViewHolder(androidx.recyclerview.widget.RecyclerView$ViewHolder,int):11 -> c
com.bookparser.app.BookResultAdapter$BookViewHolder -> u9:
# {"id":"sourceFile","fileName":"BookResultAdapter.kt"}
    com.bookparser.app.databinding.ListItemBookBinding binding -> t
      # {"id":"com.android.tools.r8.residualsignature","signature":"Lo5;"}
    com.bookparser.app.BookResultAdapter this$0 -> u
      # {"id":"com.android.tools.r8.residualsignature","signature":"Lv9;"}
    2:5:com.google.android.material.card.MaterialCardView com.bookparser.app.databinding.ListItemBookBinding.getRoot():54:54 -> <init>
    2:5:void <init>(com.bookparser.app.BookResultAdapter,com.bookparser.app.databinding.ListItemBookBinding):29 -> <init>
      # {"id":"com.android.tools.r8.residualsignature","signature":"(Lv9;Lo5;)V"}
    6:11:void <init>(com.bookparser.app.BookResultAdapter,com.bookparser.app.databinding.ListItemBookBinding):29:29 -> <init>
...
androidx.core.widget.AutoScrollHelper$ClampedScroller -> r8:
# {"id":"sourceFile","fileName":"AutoScrollHelper.java"}
    int mRampUpDuration -> a
    int mRampDownDuration -> b
    float mTargetVelocityX -> c
    float mTargetVelocityY -> d
    long mStartTime -> e
    long mDeltaTime -> f
    long mStopTime -> g
    float mStopValue -> h
    int mEffectiveRampDown -> i
    33:45:float getValueAt(long):808:808 -> a
    46:53:float getValueAt(long):804:804 -> a
androidx.core.widget.AutoScrollHelper$ScrollAnimationRunnable -> R8$$REMOVED$$CLASS$$184:
# {"id":"sourceFile","fileName":"AutoScrollHelper.java"}
androidx.core.widget.CheckedTextViewCompat -> R8$$REMOVED$$CLASS$$188:
# {"id":"sourceFile","fileName":"CheckedTextViewCompat.java"}
androidx.core.widget.CheckedTextViewCompat$Api16Impl -> R8$$REMOVED$$CLASS$$186:
# {"id":"sourceFile","fileName":"CheckedTextViewCompat.java"}
androidx.core.widget.CheckedTextViewCompat$Api21Impl -> R8$$REMOVED$$CLASS$$187:
# {"id":"sourceFile","fileName":"CheckedTextViewCompat.java"}
androidx.core.widget.CompoundButtonCompat -> R8$$REMOVED$$CLASS$$189:
# {"id":"sourceFile","fileName":"CompoundButtonCompat.java"}
androidx.core.widget.CompoundButtonCompat$Api21Impl -> qf:
# {"id":"sourceFile","fileName":"CompoundButtonCompat.java"}
    0:4:android.content.res.ColorStateList getButtonTintList(android.widget.CompoundButton):163:163 -> a
    0:4:android.graphics.PorterDuff$Mode getButtonTintMode(android.widget.CompoundButton):173:173 -> b
    0:3:void setButtonTintList(android.widget.CompoundButton,android.content.res.ColorStateList):158:158 -> c
    0:3:void setButtonTintMode(android.widget.CompoundButton,android.graphics.PorterDuff$Mode):168:168 -> d
androidx.core.widget.CompoundButtonCompat$Api23Impl -> rf:
# {"id":"sourceFile","fileName":"CompoundButtonCompat.java"}
    0:4:android.graphics.drawable.Drawable getButtonDrawable(android.widget.CompoundButton):185:185 -> a
androidx.core.widget.EdgeEffectCompat -> R8$$REMOVED$$CLASS$$190:
# {"id":"sourceFile","fileName":"EdgeEffectCompat.java"}
androidx.core.widget.EdgeEffectCompat$Api21Impl -> qn:
# {"id":"sourceFile","fileName":"EdgeEffectCompat.java"}
    0:3:void onPull(android.widget.EdgeEffect,float,float):349:349 -> a
androidx.core.widget.EdgeEffectCompat$Api31Impl -> rn:
# {"id":"sourceFile","fileName":"EdgeEffectCompat.java"}
    0:5:android.widget.EdgeEffect create(android.content.Context,android.util.AttributeSet):311:311 -> a
    6:11:android.widget.EdgeEffect create(android.content.Context,android.util.AttributeSet):313:313 -> a
    0:6:float getDistance(android.widget.EdgeEffect):334:334 -> b
    0:4:float onPullDistance(android.widget.EdgeEffect,float,float):324:324 -> c
    5:9:float onPullDistance(android.widget.EdgeEffect,float,float):326:326 -> c
androidx.core.widget.ImageViewCompat -> R8$$REMOVED$$CLASS$$191:
# {"id":"sourceFile","fileName":"ImageViewCompat.java"}
androidx.core.widget.ImageViewCompat$Api21Impl -> cy:
# {"id":"sourceFile","fileName":"ImageViewCompat.java"}
    0:4:android.content.res.ColorStateList getImageTintList(android.widget.ImageView):120:120 -> a
    0:4:android.graphics.PorterDuff$Mode getImageTintMode(android.widget.ImageView):130:130 -> b
    0:3:void setImageTintList(android.widget.ImageView,android.content.res.ColorStateList):125:125 -> c
    0:3:void setImageTintMode(android.widget.ImageView,android.graphics.PorterDuff$Mode):135:135 -> d